2025-08-08 18:04:48,077 INFO o.a.j.u.JMeterUtils: Setting Locale to en_EN
2025-08-08 18:04:48,088 INFO o.a.j.JMeter: Loading user properties from: /opt/homebrew/Cellar/jmeter/5.6.3/libexec/bin/user.properties
2025-08-08 18:04:48,089 INFO o.a.j.JMeter: Loading system properties from: /opt/homebrew/Cellar/jmeter/5.6.3/libexec/bin/system.properties
2025-08-08 18:04:48,089 INFO o.a.j.JMeter: Setting JMeter property: host=localhost
2025-08-08 18:04:48,089 INFO o.a.j.JMeter: Setting JMeter property: port=8080
2025-08-08 18:04:48,089 INFO o.a.j.JMeter: Setting JMeter property: users=20
2025-08-08 18:04:48,089 INFO o.a.j.JMeter: Setting JMeter property: ramp=10
2025-08-08 18:04:48,089 INFO o.a.j.JMeter: Setting JMeter property: duration=60
2025-08-08 18:04:48,089 INFO o.a.j.JMeter: Setting JMeter property: jmeter.save.saveservice.output_format=csv
2025-08-08 18:04:48,089 INFO o.a.j.JMeter: Setting JMeter property: jmeter.save.saveservice.response_message=true
2025-08-08 18:04:48,089 INFO o.a.j.JMeter: Setting JMeter property: jmeter.save.saveservice.response_code=true
2025-08-08 18:04:48,089 INFO o.a.j.JMeter: Setting JMeter property: jmeter.save.saveservice.success=true
2025-08-08 18:04:48,089 INFO o.a.j.JMeter: Setting JMeter property: jmeter.save.saveservice.bytes=true
2025-08-08 18:04:48,089 INFO o.a.j.JMeter: Setting JMeter property: jmeter.save.saveservice.sent_bytes=true
2025-08-08 18:04:48,089 INFO o.a.j.JMeter: Setting JMeter property: jmeter.save.saveservice.thread_counts=true
2025-08-08 18:04:48,089 INFO o.a.j.JMeter: Setting JMeter property: jmeter.save.saveservice.label=true
2025-08-08 18:04:48,089 INFO o.a.j.JMeter: Setting JMeter property: jmeter.save.saveservice.url=true
2025-08-08 18:04:48,089 INFO o.a.j.JMeter: Setting JMeter property: jmeter.save.saveservice.latency=true
2025-08-08 18:04:48,089 INFO o.a.j.JMeter: Setting JMeter property: jmeter.save.saveservice.idle_time=true
2025-08-08 18:04:48,090 INFO o.a.j.JMeter: Setting JMeter property: jmeter.save.saveservice.connect_time=true
2025-08-08 18:04:48,092 INFO o.a.j.JMeter: Copyright (c) 1998-2024 The Apache Software Foundation
2025-08-08 18:04:48,092 INFO o.a.j.JMeter: Version 5.6.3
2025-08-08 18:04:48,092 INFO o.a.j.JMeter: java.version=21.0.8
2025-08-08 18:04:48,092 INFO o.a.j.JMeter: java.vm.name=OpenJDK 64-Bit Server VM
2025-08-08 18:04:48,092 INFO o.a.j.JMeter: os.name=Mac OS X
2025-08-08 18:04:48,092 INFO o.a.j.JMeter: os.arch=aarch64
2025-08-08 18:04:48,092 INFO o.a.j.JMeter: os.version=15.5
2025-08-08 18:04:48,092 INFO o.a.j.JMeter: file.encoding=UTF-8
2025-08-08 18:04:48,092 INFO o.a.j.JMeter: java.awt.headless=true
2025-08-08 18:04:48,092 INFO o.a.j.JMeter: Max memory     =1073741824
2025-08-08 18:04:48,092 INFO o.a.j.JMeter: Available Processors =12
2025-08-08 18:04:48,098 INFO o.a.j.JMeter: Default Locale=English (EN)
2025-08-08 18:04:48,098 INFO o.a.j.JMeter: JMeter  Locale=English (EN)
2025-08-08 18:04:48,098 INFO o.a.j.JMeter: JMeterHome=/opt/homebrew/Cellar/jmeter/5.6.3/libexec
2025-08-08 18:04:48,098 INFO o.a.j.JMeter: user.dir  =/Users/kateryna/Downloads/shop-monolith
2025-08-08 18:04:48,098 INFO o.a.j.JMeter: PWD       =/Users/kateryna/Downloads/shop-monolith
2025-08-08 18:04:48,100 INFO o.a.j.JMeter: IP: 192.168.0.108 Name: Katerynas-MacBook-Pro.local FullName: 192.168.0.108
2025-08-08 18:04:48,106 INFO o.a.j.JMeter: Setting property 'jmeter.reportgenerator.outputdir' to:'/Users/kateryna/Downloads/shop-monolith/report_20250808-180442'
2025-08-08 18:04:48,107 INFO o.a.j.s.FileServer: Default base='/Users/kateryna/Downloads/shop-monolith'
2025-08-08 18:04:48,108 INFO o.a.j.s.FileServer: Set new base='/Users/kateryna/Downloads/shop-monolith'
2025-08-08 18:04:48,193 INFO o.a.j.s.SaveService: Testplan (JMX) version: 2.2. Testlog (JTL) version: 2.2
2025-08-08 18:04:48,214 INFO o.a.j.s.SaveService: Using SaveService properties version 5.0
2025-08-08 18:04:48,215 INFO o.a.j.s.SaveService: Using SaveService properties file encoding UTF-8
2025-08-08 18:04:48,216 INFO o.a.j.s.SaveService: Loading file: baseline.jmx
2025-08-08 18:04:48,245 INFO o.a.j.p.h.s.HTTPSamplerBase: Parser for text/html is org.apache.jmeter.protocol.http.parser.LagartoBasedHtmlParser
2025-08-08 18:04:48,245 INFO o.a.j.p.h.s.HTTPSamplerBase: Parser for application/xhtml+xml is org.apache.jmeter.protocol.http.parser.LagartoBasedHtmlParser
2025-08-08 18:04:48,245 INFO o.a.j.p.h.s.HTTPSamplerBase: Parser for application/xml is org.apache.jmeter.protocol.http.parser.LagartoBasedHtmlParser
2025-08-08 18:04:48,245 INFO o.a.j.p.h.s.HTTPSamplerBase: Parser for text/xml is org.apache.jmeter.protocol.http.parser.LagartoBasedHtmlParser
2025-08-08 18:04:48,245 INFO o.a.j.p.h.s.HTTPSamplerBase: Parser for text/vnd.wap.wml is org.apache.jmeter.protocol.http.parser.RegexpHTMLParser
2025-08-08 18:04:48,245 INFO o.a.j.p.h.s.HTTPSamplerBase: Parser for text/css is org.apache.jmeter.protocol.http.parser.CssParser
2025-08-08 18:04:48,258 INFO o.a.j.JMeter: Creating summariser <summary>
2025-08-08 18:04:48,259 INFO o.a.j.r.d.ReportGenerator: ReportGenerator will use for Parsing the separator: ','
2025-08-08 18:04:48,259 INFO o.a.j.r.d.ReportGenerator: Will generate report at end of test from  results file: results_1754669082.jtl
2025-08-08 18:04:48,259 INFO o.a.j.r.d.ReportGenerator: Reading report generator properties from: /opt/homebrew/Cellar/jmeter/5.6.3/libexec/bin/reportgenerator.properties
2025-08-08 18:04:48,260 INFO o.a.j.r.d.ReportGenerator: Merging with JMeter properties
2025-08-08 18:04:48,261 INFO o.a.j.r.c.ReportGeneratorConfiguration: Property 'jmeter.reportgenerator.temp_dir' not found, using default value 'temp' instead.
2025-08-08 18:04:48,262 INFO o.a.j.r.c.ReportGeneratorConfiguration: Property 'jmeter.reportgenerator.apdex_per_transaction' not found, using default value 'null' instead.
2025-08-08 18:04:48,262 INFO o.a.j.r.c.ReportGeneratorConfiguration: apdex_per_transaction is empty, not APDEX per transaction customization
2025-08-08 18:04:48,262 INFO o.a.j.r.c.ReportGeneratorConfiguration: Property 'jmeter.reportgenerator.sample_filter' not found, using default value 'null' instead.
2025-08-08 18:04:48,262 INFO o.a.j.r.c.ReportGeneratorConfiguration: Property 'jmeter.reportgenerator.report_title' not found, using default value 'null' instead.
2025-08-08 18:04:48,262 INFO o.a.j.r.c.ReportGeneratorConfiguration: Property 'jmeter.reportgenerator.start_date' not found, using default value 'null' instead.
2025-08-08 18:04:48,262 INFO o.a.j.r.c.ReportGeneratorConfiguration: Property 'jmeter.reportgenerator.end_date' not found, using default value 'null' instead.
2025-08-08 18:04:48,262 INFO o.a.j.r.c.ReportGeneratorConfiguration: Property 'jmeter.reportgenerator.date_format' not found, using default value 'null' instead.
2025-08-08 18:04:48,262 INFO o.a.j.r.c.ReportGeneratorConfiguration: Will use date range start date: null, end date: null
2025-08-08 18:04:48,263 INFO o.a.j.r.c.ReportGeneratorConfiguration: Property 'jmeter.reportgenerator.graph.totalTPS.exclude_controllers' not found, using default value 'false' instead.
2025-08-08 18:04:48,263 INFO o.a.j.r.c.ReportGeneratorConfiguration: Property 'jmeter.reportgenerator.graph.activeThreadsOverTime.exclude_controllers' not found, using default value 'false' instead.
2025-08-08 18:04:48,263 INFO o.a.j.r.c.ReportGeneratorConfiguration: Property 'jmeter.reportgenerator.graph.timeVsThreads.exclude_controllers' not found, using default value 'false' instead.
2025-08-08 18:04:48,264 INFO o.a.j.r.c.ReportGeneratorConfiguration: Property 'jmeter.reportgenerator.graph.responseTimeDistribution.exclude_controllers' not found, using default value 'false' instead.
2025-08-08 18:04:48,264 INFO o.a.j.r.c.ReportGeneratorConfiguration: Property 'jmeter.reportgenerator.graph.transactionsPerSecond.exclude_controllers' not found, using default value 'false' instead.
2025-08-08 18:04:48,264 INFO o.a.j.r.c.ReportGeneratorConfiguration: Property 'jmeter.reportgenerator.graph.responseTimePercentiles.exclude_controllers' not found, using default value 'false' instead.
2025-08-08 18:04:48,264 INFO o.a.j.r.c.ReportGeneratorConfiguration: Property 'jmeter.reportgenerator.graph.responseTimePercentilesOverTime.exclude_controllers' not found, using default value 'false' instead.
2025-08-08 18:04:48,264 INFO o.a.j.r.c.ReportGeneratorConfiguration: Property 'jmeter.reportgenerator.graph.responseTimesOverTime.exclude_controllers' not found, using default value 'false' instead.
2025-08-08 18:04:48,264 INFO o.a.j.r.c.ReportGeneratorConfiguration: Property 'jmeter.reportgenerator.graph.connectTimeOverTime.exclude_controllers' not found, using default value 'false' instead.
2025-08-08 18:04:48,264 INFO o.a.j.r.c.ReportGeneratorConfiguration: Property 'jmeter.reportgenerator.graph.latenciesOverTime.exclude_controllers' not found, using default value 'false' instead.
2025-08-08 18:04:48,264 INFO o.a.j.r.c.ReportGeneratorConfiguration: Property 'jmeter.reportgenerator.exporter.json.filters_only_sample_series' not found, using default value 'true' instead.
2025-08-08 18:04:48,264 INFO o.a.j.r.c.ReportGeneratorConfiguration: Property 'jmeter.reportgenerator.exporter.json.series_filter' not found, using default value '' instead.
2025-08-08 18:04:48,264 INFO o.a.j.r.c.ReportGeneratorConfiguration: Property 'jmeter.reportgenerator.exporter.json.show_controllers_only' not found, using default value 'false' instead.
2025-08-08 18:04:48,264 INFO o.a.j.r.c.ReportGeneratorConfiguration: Property 'jmeter.reportgenerator.exporter.html.filters_only_sample_series' not found, using default value 'true' instead.
2025-08-08 18:04:48,264 INFO o.a.j.r.c.ReportGeneratorConfiguration: Property 'jmeter.reportgenerator.exporter.html.series_filter' not found, using default value '' instead.
2025-08-08 18:04:48,264 INFO o.a.j.r.c.ReportGeneratorConfiguration: Property 'jmeter.reportgenerator.exporter.html.show_controllers_only' not found, using default value 'false' instead.
2025-08-08 18:04:48,270 INFO o.a.j.e.StandardJMeterEngine: Running the test!
2025-08-08 18:04:48,270 INFO o.a.j.s.SampleEvent: List of sample_variables: []
2025-08-08 18:04:48,270 INFO o.a.j.s.SampleEvent: List of sample_variables: []
2025-08-08 18:04:48,272 INFO o.a.j.e.u.CompoundVariable: Note: Function class names must contain the string: '.functions.'
2025-08-08 18:04:48,272 INFO o.a.j.e.u.CompoundVariable: Note: Function class names must not contain the string: '.gui.'
2025-08-08 18:04:48,295 INFO o.a.j.r.ClassFinder: Will scan jar /opt/homebrew/Cellar/jmeter/5.6.3/libexec/lib/ext/jmeter-plugins-manager-1.9.jar with filter ExtendsClassFilter [parents=[interface org.apache.jmeter.functions.Function], inner=false, contains=null, notContains=null]. Consider exposing JMeter plugins via META-INF/services, and add JMeter-Skip-Class-Scanning=true manifest attribute so JMeter can skip classfile scanning
2025-08-08 18:04:48,334 INFO o.a.j.JMeter: Running test (1754669088334)
2025-08-08 18:04:48,341 INFO o.a.j.e.StandardJMeterEngine: Starting ThreadGroup: 1 : Load
2025-08-08 18:04:48,341 INFO o.a.j.e.StandardJMeterEngine: Starting 20 threads for group Load.
2025-08-08 18:04:48,342 INFO o.a.j.e.StandardJMeterEngine: Thread will continue on error
2025-08-08 18:04:48,342 INFO o.a.j.t.ThreadGroup: Starting thread group... number=1 threads=20 ramp-up=30 delayedStart=false
2025-08-08 18:04:48,347 INFO o.a.j.t.ThreadGroup: Started thread group number 1
2025-08-08 18:04:48,347 INFO o.a.j.e.StandardJMeterEngine: All thread groups have been started
2025-08-08 18:04:48,373 INFO o.a.j.t.JMeterThread: Thread started: Load 1-1
2025-08-08 18:04:48,373 INFO o.a.j.s.FileServer: Stored: products.csv
2025-08-08 18:04:48,385 INFO o.a.j.p.h.s.HTTPHCAbstractImpl: Local host = Katerynas-MacBook-Pro.local
2025-08-08 18:04:48,388 INFO o.a.j.p.h.s.HTTPHC4Impl: HTTP request retry count = 0
2025-08-08 18:04:48,388 INFO o.a.j.s.SampleResult: Note: Sample TimeStamps are START times
2025-08-08 18:04:48,388 INFO o.a.j.s.SampleResult: sampleresult.default.encoding is set to UTF-8
2025-08-08 18:04:48,388 INFO o.a.j.s.SampleResult: sampleresult.useNanoTime=true
2025-08-08 18:04:48,388 INFO o.a.j.s.SampleResult: sampleresult.nanoThreadSleep=5000
2025-08-08 18:04:49,871 INFO o.a.j.t.JMeterThread: Thread started: Load 1-2
2025-08-08 18:04:51,373 INFO o.a.j.t.JMeterThread: Thread started: Load 1-3
2025-08-08 18:04:52,871 INFO o.a.j.t.JMeterThread: Thread started: Load 1-4
2025-08-08 18:04:54,371 INFO o.a.j.t.JMeterThread: Thread started: Load 1-5
2025-08-08 18:04:55,872 INFO o.a.j.t.JMeterThread: Thread started: Load 1-6
2025-08-08 18:04:57,372 INFO o.a.j.t.JMeterThread: Thread started: Load 1-7
2025-08-08 18:04:58,871 INFO o.a.j.t.JMeterThread: Thread started: Load 1-8
2025-08-08 18:05:00,001 INFO o.a.j.r.Summariser: summary +  70238 in 00:00:12 = 6020,7/s Avg:     0 Min:     0 Max:    20 Err:     0 (0,00%) Active: 8 Started: 8 Finished: 0
2025-08-08 18:05:00,370 INFO o.a.j.t.JMeterThread: Thread started: Load 1-9
2025-08-08 18:05:01,870 INFO o.a.j.t.JMeterThread: Thread started: Load 1-10
2025-08-08 18:05:03,371 INFO o.a.j.t.JMeterThread: Thread started: Load 1-11
2025-08-08 18:05:04,870 INFO o.a.j.t.JMeterThread: Thread started: Load 1-12
2025-08-08 18:05:06,370 INFO o.a.j.t.JMeterThread: Thread started: Load 1-13
2025-08-08 18:05:07,868 INFO o.a.j.t.JMeterThread: Thread started: Load 1-14
2025-08-08 18:05:09,370 INFO o.a.j.t.JMeterThread: Thread started: Load 1-15
2025-08-08 18:05:10,869 INFO o.a.j.t.JMeterThread: Thread started: Load 1-16
2025-08-08 18:05:12,368 INFO o.a.j.t.JMeterThread: Thread started: Load 1-17
2025-08-08 18:05:13,872 INFO o.a.j.t.JMeterThread: Thread started: Load 1-18
2025-08-08 18:05:15,370 INFO o.a.j.t.JMeterThread: Thread started: Load 1-19
2025-08-08 18:05:16,870 INFO o.a.j.t.JMeterThread: Thread started: Load 1-20
2025-08-08 18:05:30,000 INFO o.a.j.r.Summariser: summary + 213485 in 00:00:30 = 7116,2/s Avg:     2 Min:     0 Max:    87 Err:     0 (0,00%) Active: 20 Started: 20 Finished: 0
2025-08-08 18:05:30,000 INFO o.a.j.r.Summariser: summary = 283723 in 00:00:42 = 6809,5/s Avg:     1 Min:     0 Max:    87 Err:     0 (0,00%)
2025-08-08 18:06:00,000 INFO o.a.j.r.Summariser: summary + 207160 in 00:00:30 = 6905,3/s Avg:     2 Min:     0 Max:    99 Err:     0 (0,00%) Active: 20 Started: 20 Finished: 0
2025-08-08 18:06:00,000 INFO o.a.j.r.Summariser: summary = 490883 in 00:01:12 = 6849,6/s Avg:     2 Min:     0 Max:    99 Err:     0 (0,00%)
2025-08-08 18:06:30,000 INFO o.a.j.r.Summariser: summary + 221421 in 00:00:30 = 7380,7/s Avg:     2 Min:     0 Max:    49 Err:     0 (0,00%) Active: 20 Started: 20 Finished: 0
2025-08-08 18:06:30,000 INFO o.a.j.r.Summariser: summary = 712304 in 00:01:42 = 7006,3/s Avg:     2 Min:     0 Max:    99 Err:     0 (0,00%)
2025-08-08 18:06:48,343 INFO o.a.j.t.JMeterThread: Stopping because end time detected by thread: Load 1-2
2025-08-08 18:06:48,343 INFO o.a.j.t.JMeterThread: Thread finished: Load 1-2
2025-08-08 18:06:48,344 INFO o.a.j.t.JMeterThread: Stopping because end time detected by thread: Load 1-8
2025-08-08 18:06:48,344 INFO o.a.j.t.JMeterThread: Thread finished: Load 1-8
2025-08-08 18:06:48,345 INFO o.a.j.t.JMeterThread: Stopping because end time detected by thread: Load 1-6
2025-08-08 18:06:48,345 INFO o.a.j.t.JMeterThread: Thread finished: Load 1-6
2025-08-08 18:06:48,345 INFO o.a.j.t.JMeterThread: Stopping because end time detected by thread: Load 1-11
2025-08-08 18:06:48,345 INFO o.a.j.t.JMeterThread: Thread finished: Load 1-11
2025-08-08 18:06:48,345 INFO o.a.j.t.JMeterThread: Stopping because end time detected by thread: Load 1-10
2025-08-08 18:06:48,345 INFO o.a.j.t.JMeterThread: Thread finished: Load 1-10
2025-08-08 18:06:48,346 INFO o.a.j.t.JMeterThread: Stopping because end time detected by thread: Load 1-1
2025-08-08 18:06:48,346 INFO o.a.j.t.JMeterThread: Thread finished: Load 1-1
2025-08-08 18:06:48,346 INFO o.a.j.t.JMeterThread: Stopping because end time detected by thread: Load 1-4
2025-08-08 18:06:48,346 INFO o.a.j.t.JMeterThread: Thread finished: Load 1-4
2025-08-08 18:06:48,346 INFO o.a.j.t.JMeterThread: Stopping because end time detected by thread: Load 1-7
2025-08-08 18:06:48,346 INFO o.a.j.t.JMeterThread: Thread finished: Load 1-7
2025-08-08 18:06:48,346 INFO o.a.j.t.JMeterThread: Stopping because end time detected by thread: Load 1-3
2025-08-08 18:06:48,346 INFO o.a.j.t.JMeterThread: Thread finished: Load 1-3
2025-08-08 18:06:48,346 INFO o.a.j.t.JMeterThread: Stopping because end time detected by thread: Load 1-12
2025-08-08 18:06:48,346 INFO o.a.j.t.JMeterThread: Thread finished: Load 1-12
2025-08-08 18:06:48,346 INFO o.a.j.t.JMeterThread: Stopping because end time detected by thread: Load 1-5
2025-08-08 18:06:48,346 INFO o.a.j.t.JMeterThread: Thread finished: Load 1-5
2025-08-08 18:06:48,347 INFO o.a.j.t.JMeterThread: Stopping because end time detected by thread: Load 1-13
2025-08-08 18:06:48,347 INFO o.a.j.t.JMeterThread: Thread finished: Load 1-13
2025-08-08 18:06:48,347 INFO o.a.j.t.JMeterThread: Stopping because end time detected by thread: Load 1-18
2025-08-08 18:06:48,347 INFO o.a.j.t.JMeterThread: Stopping because end time detected by thread: Load 1-16
2025-08-08 18:06:48,347 INFO o.a.j.t.JMeterThread: Thread finished: Load 1-18
2025-08-08 18:06:48,347 INFO o.a.j.t.JMeterThread: Thread finished: Load 1-16
2025-08-08 18:06:48,347 INFO o.a.j.t.JMeterThread: Stopping because end time detected by thread: Load 1-19
2025-08-08 18:06:48,347 INFO o.a.j.t.JMeterThread: Thread finished: Load 1-19
2025-08-08 18:06:48,347 INFO o.a.j.t.JMeterThread: Stopping because end time detected by thread: Load 1-20
2025-08-08 18:06:48,347 INFO o.a.j.t.JMeterThread: Thread finished: Load 1-20
2025-08-08 18:06:48,347 INFO o.a.j.t.JMeterThread: Stopping because end time detected by thread: Load 1-14
2025-08-08 18:06:48,347 INFO o.a.j.t.JMeterThread: Stopping because end time detected by thread: Load 1-17
2025-08-08 18:06:48,347 INFO o.a.j.t.JMeterThread: Thread finished: Load 1-14
2025-08-08 18:06:48,347 INFO o.a.j.t.JMeterThread: Thread finished: Load 1-17
2025-08-08 18:06:48,348 INFO o.a.j.t.JMeterThread: Stopping because end time detected by thread: Load 1-9
2025-08-08 18:06:48,348 INFO o.a.j.t.JMeterThread: Thread finished: Load 1-9
2025-08-08 18:06:48,348 INFO o.a.j.t.JMeterThread: Stopping because end time detected by thread: Load 1-15
2025-08-08 18:06:48,348 INFO o.a.j.t.JMeterThread: Thread finished: Load 1-15
2025-08-08 18:06:48,348 INFO o.a.j.e.StandardJMeterEngine: Notifying test listeners of end of test
2025-08-08 18:06:48,348 INFO o.a.j.s.FileServer: Close: products.csv
2025-08-08 18:06:48,349 INFO o.a.j.r.Summariser: summary + 139025 in 00:00:18 = 7576,7/s Avg:     2 Min:     0 Max:    12 Err:     0 (0,00%) Active: 0 Started: 20 Finished: 20
2025-08-08 18:06:48,349 INFO o.a.j.r.Summariser: summary = 851329 in 00:02:00 = 7093,5/s Avg:     2 Min:     0 Max:    99 Err:     0 (0,00%)
2025-08-08 18:06:48,350 INFO o.a.j.JMeter: Generating Dashboard
2025-08-08 18:06:48,350 INFO o.a.j.r.d.ReportGenerator: Flushing result collector before report Generation
2025-08-08 18:06:48,373 INFO o.a.j.r.p.NormalizerSampleConsumer: Using format, 'ms', to parse timeStamp field
2025-08-08 18:06:52,940 INFO o.a.j.r.p.AbstractSampleConsumer: class org.apache.jmeter.report.processor.AggregateConsumer#stopProducing(): beginDate produced 0 samples
2025-08-08 18:06:52,940 INFO o.a.j.r.p.AbstractSampleConsumer: class org.apache.jmeter.report.processor.AggregateConsumer#stopProducing(): endDate produced 0 samples
2025-08-08 18:06:52,941 INFO o.a.j.r.p.AbstractSampleConsumer: class org.apache.jmeter.report.processor.ApdexSummaryConsumer#stopProducing(): apdexSummary produced 0 samples
2025-08-08 18:06:52,941 INFO o.a.j.r.p.AbstractSampleConsumer: class org.apache.jmeter.report.processor.RequestsSummaryConsumer#stopProducing(): requestsSummary produced 0 samples
2025-08-08 18:06:52,947 INFO o.a.j.r.p.AbstractSampleConsumer: class org.apache.jmeter.report.processor.StatisticsSummaryConsumer#stopProducing(): statisticsSummary produced 0 samples
2025-08-08 18:06:52,948 INFO o.a.j.r.p.AbstractSampleConsumer: class org.apache.jmeter.report.processor.Top5ErrorsBySamplerConsumer#stopProducing(): top5ErrorsBySampler produced 0 samples
2025-08-08 18:06:52,948 INFO o.a.j.r.p.AbstractSampleConsumer: class org.apache.jmeter.report.processor.ErrorsSummaryConsumer#stopProducing(): errorsSummary produced 0 samples
2025-08-08 18:06:52,948 INFO o.a.j.r.p.AbstractSampleConsumer: class org.apache.jmeter.report.processor.graph.impl.HitsPerSecondGraphConsumer#stopProducing(): hitsPerSecond produced 0 samples
2025-08-08 18:06:53,968 INFO o.a.j.r.p.AbstractSampleConsumer: class org.apache.jmeter.report.processor.graph.impl.LatencyVSRequestGraphConsumer#stopProducing(): latencyVsRequest produced 0 samples
2025-08-08 18:06:53,979 INFO o.a.j.r.p.AbstractSampleConsumer: class org.apache.jmeter.report.processor.graph.impl.SyntheticResponseTimeDistributionGraphConsumer#stopProducing(): syntheticResponseTimeDistribution produced 0 samples
2025-08-08 18:06:53,979 INFO o.a.j.r.p.AbstractSampleConsumer: class org.apache.jmeter.report.processor.graph.impl.BytesThroughputGraphConsumer#stopProducing(): bytesThroughputOverTime produced 0 samples
2025-08-08 18:06:53,979 INFO o.a.j.r.p.AbstractSampleConsumer: class org.apache.jmeter.report.processor.graph.impl.CodesPerSecondGraphConsumer#stopProducing(): codesPerSecond produced 0 samples
2025-08-08 18:06:54,950 INFO o.a.j.r.p.AbstractSampleConsumer: class org.apache.jmeter.report.processor.graph.impl.ResponseTimeVSRequestGraphConsumer#stopProducing(): responseTimeVsRequest produced 0 samples
2025-08-08 18:06:54,957 INFO o.a.j.r.p.AbstractSampleConsumer: class org.apache.jmeter.report.processor.FilterConsumer#stopProducing(): startIntervalControlerFilter produced 5959303 samples
2025-08-08 18:06:54,957 INFO o.a.j.r.p.AbstractSampleConsumer: class org.apache.jmeter.report.processor.graph.impl.TotalTPSGraphConsumer#stopProducing(): totalTPS produced 0 samples
2025-08-08 18:06:54,957 INFO o.a.j.r.p.AbstractSampleConsumer: class org.apache.jmeter.report.processor.graph.impl.ActiveThreadsGraphConsumer#stopProducing(): activeThreadsOverTime produced 0 samples
2025-08-08 18:06:54,957 INFO o.a.j.r.p.AbstractSampleConsumer: class org.apache.jmeter.report.processor.graph.impl.TimeVSThreadGraphConsumer#stopProducing(): timeVsThreads produced 0 samples
2025-08-08 18:06:54,957 INFO o.a.j.r.p.AbstractSampleConsumer: class org.apache.jmeter.report.processor.graph.impl.ResponseTimeDistributionGraphConsumer#stopProducing(): responseTimeDistribution produced 0 samples
2025-08-08 18:06:54,957 INFO o.a.j.r.p.AbstractSampleConsumer: class org.apache.jmeter.report.processor.graph.impl.TransactionsPerSecondGraphConsumer#stopProducing(): transactionsPerSecond produced 0 samples
2025-08-08 18:06:54,957 INFO o.a.j.r.p.AbstractSampleConsumer: class org.apache.jmeter.report.processor.graph.impl.ResponseTimePercentilesGraphConsumer#stopProducing(): responseTimePercentiles produced 0 samples
2025-08-08 18:06:54,958 INFO o.a.j.r.p.AbstractSampleConsumer: class org.apache.jmeter.report.processor.graph.impl.ResponseTimePercentilesOverTimeGraphConsumer#stopProducing(): responseTimePercentilesOverTime produced 0 samples
2025-08-08 18:06:54,959 INFO o.a.j.r.p.AbstractSampleConsumer: class org.apache.jmeter.report.processor.graph.impl.ResponseTimeOverTimeGraphConsumer#stopProducing(): responseTimesOverTime produced 0 samples
2025-08-08 18:06:54,959 INFO o.a.j.r.p.AbstractSampleConsumer: class org.apache.jmeter.report.processor.graph.impl.ConnectTimeOverTimeGraphConsumer#stopProducing(): connectTimeOverTime produced 0 samples
2025-08-08 18:06:54,959 INFO o.a.j.r.p.AbstractSampleConsumer: class org.apache.jmeter.report.processor.graph.impl.LatencyOverTimeGraphConsumer#stopProducing(): latenciesOverTime produced 0 samples
2025-08-08 18:06:54,959 INFO o.a.j.r.p.AbstractSampleConsumer: class org.apache.jmeter.report.processor.FilterConsumer#stopProducing(): nameFilter produced 12769935 samples
2025-08-08 18:06:54,959 INFO o.a.j.r.p.AbstractSampleConsumer: class org.apache.jmeter.report.processor.FilterConsumer#stopProducing(): dateRangeFilter produced 2553987 samples
2025-08-08 18:06:54,959 INFO o.a.j.r.p.AbstractSampleConsumer: class org.apache.jmeter.report.processor.NormalizerSampleConsumer#stopProducing(): normalizer produced 851329 samples
2025-08-08 18:06:54,960 INFO o.a.j.r.p.CsvFileSampleSource: produce(): 851329 samples produced in 6s 574 ms on channel 0
2025-08-08 18:06:54,960 INFO o.a.j.r.d.ReportGenerator: Exporting data using exporter:'json' of className:'org.apache.jmeter.report.dashboard.JsonExporter'
2025-08-08 18:06:54,990 INFO o.a.j.r.d.JsonExporter: Found data for consumer statisticsSummary in context
2025-08-08 18:06:54,990 INFO o.a.j.r.d.JsonExporter: Creating statistics for overall
2025-08-08 18:06:54,990 INFO o.a.j.r.d.JsonExporter: Creating statistics for other transactions
2025-08-08 18:06:54,990 INFO o.a.j.r.d.JsonExporter: Checking output folder
2025-08-08 18:06:54,991 INFO o.a.j.r.d.JsonExporter: Writing statistics JSON to /Users/kateryna/Downloads/shop-monolith/report_20250808-180442/statistics.json
2025-08-08 18:06:55,006 INFO o.a.j.r.d.ReportGenerator: Exporting data using exporter:'html' of className:'org.apache.jmeter.report.dashboard.HtmlTemplateExporter'
2025-08-08 18:06:55,007 INFO o.a.j.r.d.HtmlTemplateExporter: Will generate dashboard in folder: /Users/kateryna/Downloads/shop-monolith/report_20250808-180442
2025-08-08 18:06:55,044 INFO o.a.j.r.d.HtmlTemplateExporter: Report will be generated in: /Users/kateryna/Downloads/shop-monolith/report_20250808-180442, creating folder structure
2025-08-08 18:06:55,045 INFO o.a.j.r.d.TemplateVisitor: Copying folder from '/opt/homebrew/Cellar/jmeter/5.6.3/libexec/bin/report-template' to '/Users/kateryna/Downloads/shop-monolith/report_20250808-180442', got message: /Users/kateryna/Downloads/shop-monolith/report_20250808-180442, found non empty folder with following content [/Users/kateryna/Downloads/shop-monolith/report_20250808-180442/statistics.json], will be ignored
2025-08-08 18:06:55,146 INFO o.a.j.JMeter: Dashboard generated
